#
# There is insufficient memory for the Java Runtime Environment to continue.
# Native memory allocation (mmap) failed to map 67108864 bytes for G1 virtual space
# Possible reasons:
#   The system is out of physical RAM or swap space
#   The process is running with CompressedOops enabled, and the Java Heap may be blocking the growth of the native heap
# Possible solutions:
#   Reduce memory load on the system
#   Increase physical memory or swap space
#   Check if swap backing store is full
#   Decrease Java heap size (-Xmx/-Xms)
#   Decrease number of Java threads
#   Decrease Java thread stack sizes (-Xss)
#   Set larger code cache with -XX:ReservedCodeCacheSize=
#   JVM is running with Unscaled Compressed Oops mode in which the Java heap is
#     placed in the first 4GB address space. The Java Heap base address is the
#     maximum limit for the native heap growth. Please use -XX:HeapBaseMinAddress
#     to set the Java Heap base and to place the Java Heap above 4GB virtual address.
# This output file may be truncated or incomplete.
#
#  Out of Memory Error (os_windows.cpp:3469), pid=9012, tid=12024
#
# JRE version:  (17.0+35) (build )
# Java VM: Java HotSpot(TM) 64-Bit Server VM (17+35-LTS-2724, mixed mode, sharing, tiered, compressed oops, compressed class ptrs, g1 gc, windows-amd64)
# No core dump will be written. Minidumps are not enabled by default on client versions of Windows
#

---------------  S U M M A R Y ------------

Command Line: -Dfile.encoding=Cp1252 -XX:+ShowCodeDetailsInExceptionMessages Janela.JanelaCadastroCanal

Host: Intel(R) Core(TM) i5-4200M CPU @ 2.50GHz, 4 cores, 3G,  Windows 10 , 64 bit Build 19041 (10.0.19041.1741)
Time: Thu Jul 14 19:56:43 2022 Hora oficial do Brasil elapsed time: 0.025979 seconds (0d 0h 0m 0s)

---------------  T H R E A D  ---------------

Current thread (0x000001831d06bfb0):  JavaThread "Unknown thread" [_thread_in_vm, id=12024, stack(0x0000002493c00000,0x0000002493d00000)]

Stack: [0x0000002493c00000,0x0000002493d00000]
Native frames: (J=compiled Java code, j=interpreted, Vv=VM code, C=native code)
V  [jvm.dll+0x66f8ea]
V  [jvm.dll+0x7ce224]
V  [jvm.dll+0x7cf9ce]
V  [jvm.dll+0x7d0033]
V  [jvm.dll+0x242bb5]
V  [jvm.dll+0x66c909]
V  [jvm.dll+0x6613d2]
V  [jvm.dll+0x30082b]
V  [jvm.dll+0x307db6]
V  [jvm.dll+0x357a0e]
V  [jvm.dll+0x357c3f]
V  [jvm.dll+0x2d7ae8]
V  [jvm.dll+0x2d8a54]
V  [jvm.dll+0x7a00a1]
V  [jvm.dll+0x365781]
V  [jvm.dll+0x77f59c]
V  [jvm.dll+0x3e805f]
V  [jvm.dll+0x3e9b01]
C  [jli.dll+0x527b]
C  [ucrtbase.dll+0x21bb2]
C  [KERNEL32.DLL+0x17034]
C  [ntdll.dll+0x52651]


---------------  P R O C E S S  ---------------

Threads class SMR info:
_java_thread_list=0x00007ffb50017818, length=0, elements={
}

Java Threads: ( => current thread )

Other Threads:
  0x000001831d09acf0 GCTaskThread "GC Thread#0" [stack: 0x0000002493d00000,0x0000002493e00000] [id=7024]
  0x000001831d0a5ca0 ConcurrentGCThread "G1 Main Marker" [stack: 0x0000002493e00000,0x0000002493f00000] [id=6620]
  0x000001831d0a65c0 ConcurrentGCThread "G1 Conc#0" [stack: 0x0000002493f00000,0x0000002494000000] [id=2364]

[error occurred during error reporting (printing all threads), id 0xc0000005, EXCEPTION_ACCESS_VIOLATION (0xc0000005) at pc=0x00007ffb4f8684c7]

VM state: not at safepoint (not fully initialized)

VM Mutex/Monitor currently owned by a thread:  ([mutex/lock_event])
[0x000001831d069420] Heap_lock - owner thread: 0x000001831d06bfb0

Heap address: 0x00000000c1600000, size: 1002 MB, Compressed Oops mode: 32-bit

CDS archive(s) mapped at: [0x0000000000000000-0x0000000000000000-0x0000000000000000), size 0, SharedBaseAddress: 0x0000000800000000, ArchiveRelocationMode: 0.
Narrow klass base: 0x0000000000000000, Narrow klass shift: 0, Narrow klass range: 0x0

GC Precious Log:
<Empty>

Heap:
 garbage-first heap   total 0K, used 0K [0x00000000c1600000, 0x0000000100000000)
  region size 1024K, 0 young (0K), 0 survivors (0K)

[error occurred during error reporting (printing heap information), id 0xc0000005, EXCEPTION_ACCESS_VIOLATION (0xc0000005) at pc=0x00007ffb4fc48c59]

GC Heap History (0 events):
No events

Deoptimization events (0 events):
No events

Classes unloaded (0 events):
No events

Classes redefined (0 events):
No events

Internal exceptions (0 events):
No events

VM Operations (0 events):
No events

Events (1 events):
Event: 0.017 Loaded shared library C:\Program Files\Java\jdk-17\bin\java.dll


Dynamic libraries:
0x00007ff764820000 - 0x00007ff764830000 	C:\Program Files\Java\jdk-17\bin\javaw.exe
0x00007ffb924b0000 - 0x00007ffb926a7000 	C:\Windows\SYSTEM32\ntdll.dll
0x00007ffb916e0000 - 0x00007ffb9179d000 	C:\Windows\System32\KERNEL32.DLL
0x00007ffb8fbd0000 - 0x00007ffb8fe9d000 	C:\Windows\System32\KERNELBASE.dll
0x00007ffb901f0000 - 0x00007ffb902f0000 	C:\Windows\System32\ucrtbase.dll
0x00007ffb84430000 - 0x00007ffb84448000 	C:\Program Files\Java\jdk-17\bin\jli.dll
0x00007ffb906c0000 - 0x00007ffb9076e000 	C:\Windows\System32\ADVAPI32.dll
0x00007ffb91850000 - 0x00007ffb918ee000 	C:\Windows\System32\msvcrt.dll
0x00007ffb913c0000 - 0x00007ffb9145c000 	C:\Windows\System32\sechost.dll
0x00007ffb90590000 - 0x00007ffb906b5000 	C:\Windows\System32\RPCRT4.dll
0x00007ffb908d0000 - 0x00007ffb90a70000 	C:\Windows\System32\USER32.dll
0x00007ffb90170000 - 0x00007ffb90192000 	C:\Windows\System32\win32u.dll
0x00007ffb90770000 - 0x00007ffb9079a000 	C:\Windows\System32\GDI32.dll
0x00007ffb8fea0000 - 0x00007ffb8ffab000 	C:\Windows\System32\gdi32full.dll
0x00007ffb900d0000 - 0x00007ffb9016d000 	C:\Windows\System32\msvcp_win.dll
0x00007ffb7e5a0000 - 0x00007ffb7e5ba000 	C:\Program Files\Java\jdk-17\bin\VCRUNTIME140.dll
0x00007ffb7b2c0000 - 0x00007ffb7b55a000 	C:\Windows\WinSxS\amd64_microsoft.windows.common-controls_6595b64144ccf1df_6.0.19041.1110_none_60b5254171f9507e\COMCTL32.dll
0x00007ffb7cf60000 - 0x00007ffb7cf6a000 	C:\Windows\SYSTEM32\VERSION.dll
0x00007ffb915e0000 - 0x00007ffb91610000 	C:\Windows\System32\IMM32.DLL
0x00007ffb8d3a0000 - 0x00007ffb8d3ac000 	C:\Program Files\Java\jdk-17\bin\vcruntime140_1.dll
0x00007ffb7ae50000 - 0x00007ffb7aedd000 	C:\Program Files\Java\jdk-17\bin\msvcp140.dll
0x00007ffb4f580000 - 0x00007ffb5013e000 	C:\Program Files\Java\jdk-17\bin\server\jvm.dll
0x00007ffb91c50000 - 0x00007ffb91c58000 	C:\Windows\System32\PSAPI.DLL
0x00007ffb79920000 - 0x00007ffb79947000 	C:\Windows\SYSTEM32\WINMM.dll
0x00007ffb8d360000 - 0x00007ffb8d369000 	C:\Windows\SYSTEM32\WSOCK32.dll
0x00007ffb91610000 - 0x00007ffb9167b000 	C:\Windows\System32\WS2_32.dll
0x00007ffb8daf0000 - 0x00007ffb8db02000 	C:\Windows\SYSTEM32\kernel.appcore.dll
0x00007ffb87530000 - 0x00007ffb8753a000 	C:\Program Files\Java\jdk-17\bin\jimage.dll
0x00007ffb7c620000 - 0x00007ffb7c804000 	C:\Windows\SYSTEM32\DBGHELP.DLL
0x00007ffb7c5c0000 - 0x00007ffb7c5ec000 	C:\Windows\SYSTEM32\dbgcore.DLL
0x00007ffb90480000 - 0x00007ffb90502000 	C:\Windows\System32\bcryptPrimitives.dll
0x00007ffb788b0000 - 0x00007ffb788d5000 	C:\Program Files\Java\jdk-17\bin\java.dll

dbghelp: loaded successfully - version: 4.0.5 - missing functions: none
symbol engine: initialized successfully - sym options: 0x614 - pdb path: .;C:\Program Files\Java\jdk-17\bin;C:\Windows\SYSTEM32;C:\Windows\WinSxS\amd64_microsoft.windows.common-controls_6595b64144ccf1df_6.0.19041.1110_none_60b5254171f9507e;C:\Program Files\Java\jdk-17\bin\server

VM Arguments:
jvm_args: -Dfile.encoding=Cp1252 -XX:+ShowCodeDetailsInExceptionMessages 
java_command: Janela.JanelaCadastroCanal
java_class_path (initial): C:\Users\Ellen Cassia\OneDrive\햞ea de Trabalho\Projeto P2\LISTA1-AQUECIMENTO (1).zip_expanded\LISTA1-AQUECIMENTO\bin;C:\Users\Ellen Cassia\OneDrive\햞ea de Trabalho\Projeto P2\LISTA1-AQUECIMENTO (1).zip_expanded\LISTA1-AQUECIMENTO\iText-5.0.5.jar;C:\Users\Ellen Cassia\OneDrive\햞ea de Trabalho\Projeto P2\LISTA1-AQUECIMENTO (1).zip_expanded\LISTA1-AQUECIMENTO\xmlpull-1.1.3.1.jar;C:\Users\Ellen Cassia\OneDrive\햞ea de Trabalho\Projeto P2\LISTA1-AQUECIMENTO (1).zip_expanded\LISTA1-AQUECIMENTO\xom-1.1.jar;C:\Users\Ellen Cassia\OneDrive\햞ea de Trabalho\Projeto P2\LISTA1-AQUECIMENTO (1).zip_expanded\LISTA1-AQUECIMENTO\xstream-benchmark-1.4.7.jar;C:\Users\Ellen Cassia\OneDrive\햞ea de Trabalho\Projeto P2\LISTA1-AQUECIMENTO (1).zip_expanded\LISTA1-AQUECIMENTO\xstream-1.4.19.jar;C:\Users\Ellen Cassia\OneDrive\햞ea de Trabalho\Projeto P2\LISTA1-AQUECIMENTO (1).zip_expanded\LISTA1-AQUECIMENTO\activation.jar;C:\Users\Ellen Cassia\OneDrive\햞ea de Trabalho\Projeto P2\LISTA1-AQUECIMENTO (1).zip_expanded\LISTA1-AQUECIMENTO\dsn.jar;C:\Users\Ellen Cassia\OneDrive\햞ea de Trabalho\Projeto P2\LISTA1-AQUECIMENTO (1).zip_expanded\LISTA1-AQUECIMENTO\gimap.jar;C:\Users\Ellen Cassia\OneDrive\햞ea de Trabalho\Projeto P2\LISTA1-AQUECIMENTO (1).zip_expanded\LISTA1-AQUECIMENTO\imap.jar;C:\Users\Ellen Cassia\OneDrive\햞ea de Trabalho\Projeto P2\LISTA1-AQUECIMENTO (1).zip_expanded\LISTA1-AQUECIMENTO\mailapi.jar;C:\Users\Ellen Cassia\OneDrive\햞ea de Trabalho\Projeto P2\LISTA1-AQUECIMENTO (1).zip_expanded\LISTA1-AQUECIMENTO\pop3.jar;C:\Users\Ellen Cassia\OneDrive\햞ea de Trabalho\Projeto P2\LISTA1-AQUECIMENTO (1).zip_expanded\LISTA1-AQUECIMENTO\smtp.jar
Launcher Type: SUN_STANDARD

[Global flags]
     intx CICompilerCount                          = 3                                         {product} {ergonomic}
     uint ConcGCThreads                            = 1                                         {product} {ergonomic}
     uint G1ConcRefinementThreads                  = 4                                         {product} {ergonomic}
   size_t G1HeapRegionSize                         = 1048576                                   {product} {ergonomic}
    uintx GCDrainStackTargetSize                   = 64                                        {product} {ergonomic}
   size_t InitialHeapSize                          = 67108864                                  {product} {ergonomic}
   size_t MarkStackSize                            = 4194304                                   {product} {ergonomic}
   size_t MaxHeapSize                              = 1050673152                                {product} {ergonomic}
   size_t MinHeapDeltaBytes                        = 1048576                                   {product} {ergonomic}
   size_t MinHeapSize                              = 8388608                                   {product} {ergonomic}
    uintx NonNMethodCodeHeapSize                   = 5832780                                {pd product} {ergonomic}
    uintx NonProfiledCodeHeapSize                  = 122912730                              {pd product} {ergonomic}
    uintx ProfiledCodeHeapSize                     = 122912730                              {pd product} {ergonomic}
    uintx ReservedCodeCacheSize                    = 251658240                              {pd product} {ergonomic}
     bool SegmentedCodeCache                       = true                                      {product} {ergonomic}
     bool ShowCodeDetailsInExceptionMessages       = true                                   {manageable} {command line}
   size_t SoftMaxHeapSize                          = 1050673152                             {manageable} {ergonomic}
     bool UseCompressedClassPointers               = true                           {product lp64_product} {ergonomic}
     bool UseCompressedOops                        = true                           {product lp64_product} {ergonomic}
     bool UseG1GC                                  = true                                      {product} {ergonomic}
     bool UseLargePagesIndividualAllocation        = false                                  {pd product} {ergonomic}

Logging:
Log output configuration:
 #0: stdout all=warning uptime,level,tags
 #1: stderr all=off uptime,level,tags

Environment Variables:
JAVA_HOME=C:\Program Files\Java\jdk-17
PATH=C:/Users/Ellen Cassia/.p2/pool/plugins/org.eclipse.justj.openjdk.hotspot.jre.full.win32.x86_64_16.0.2.v20210721-1149/jre/bin/server;C:/Users/Ellen Cassia/.p2/pool/plugins/org.eclipse.justj.openjdk.hotspot.jre.full.win32.x86_64_16.0.2.v20210721-1149/jre/bin;C:\Program Files\Common Files\Oracle\Java\javapath;C:\Program Files (x86)\Common Files\Oracle\Java\javapath;C:\Windows\system32;C:\Windows;C:\Windows\System32\Wbem;C:\Windows\System32\WindowsPowerShell\v1.0\;C:\Windows\System32\OpenSSH\;C:\Program Files\Java\jdk-17\bin;C:\Program Files\Git\cmd;C:\Users\Ellen Cassia\AppData\Local\Microsoft\WindowsApps;C:\Users\Ellen Cassia\AppData\Local\Programs\Microsoft VS Code\bin;C:\Users\Ellen Cassia\AppData\Local\GitHubDesktop\bin;C:\Windows\System32;
USERNAME=Ellen Cassia
OS=Windows_NT
PROCESSOR_IDENTIFIER=Intel64 Family 6 Model 60 Stepping 3, GenuineIntel



---------------  S Y S T E M  ---------------

OS:
 Windows 10 , 64 bit Build 19041 (10.0.19041.1741)
OS uptime: 18 days 8:58 hours

CPU: total 4 (initial active 4) (2 cores per cpu, 2 threads per core) family 6 model 60 stepping 3 microcode 0x27, cx8, cmov, fxsr, ht, mmx, sse, sse2, sse3, ssse3, sse4.1, sse4.2, popcnt, lzcnt, tsc, tscinvbit, avx, avx2, aes, erms, clmul, bmi1, bmi2, fma, vzeroupper, clflush

Memory: 4k page, system-wide physical 4003M (368M free)
TotalPageFile size 16291M (AvailPageFile size 42M)
current process WorkingSet (physical memory assigned to process): 10M, peak: 10M
current process commit charge ("private bytes"): 51M, peak: 115M

vm_info: Java HotSpot(TM) 64-Bit Server VM (17+35-LTS-2724) for windows-amd64 JRE (17+35-LTS-2724), built on Aug  5 2021 23:28:28 by "mach5one" with MS VC++ 16.8 (VS2019)

END.
